[2022-01-17 18:06:28.612] express is listening on http://8080
[2022-01-17 19:05:55.679] express is listening on http://4000
[2022-01-17 19:07:14.494] express is listening on http://4000
[2022-01-17 19:07:45.327] express is listening on http://4000
[2022-01-17 19:08:06.410] express is listening on http://4000
[2022-01-17 19:11:09.656] =-=-=-=-=-=> Inicio: listarLinea
[2022-01-17 19:11:09.657] Entro al try controller.productoGenerico.listarLinea
[2022-01-17 19:11:09.658] =-=-=-=-=-=> Fin: listarLinea
[2022-01-17 19:13:17.384] express is listening on http://4000
[2022-01-17 19:13:22.675] =-=-=-=-=-=> Inicio: listarLinea
[2022-01-17 19:13:22.676] Entro al try controller.productoGenerico.listarLinea
[2022-01-17 19:13:22.688] =-=-=-=-=-=> Fin: listarLinea
[2022-01-17 19:13:22.692] ::ffff:127.0.0.1 - - [18/Jan/2022:00:13:22 +0000] "GET /productoGenerico/listarLinea HTTP/1.1" 200 35 "-" "PostmanRuntime/7.28.4"
[2022-01-17 19:31:07.881] =-=-=-=-=-=> Inicio: listarLinea
[2022-01-17 19:31:07.882] Entro al try controller.productoGenerico.listarLinea
[2022-01-17 19:31:07.884] =-=-=-=-=-=> Fin: listarLinea
[2022-01-17 19:31:07.885] ::ffff:127.0.0.1 - - [18/Jan/2022:00:31:07 +0000] "GET /productoGenerico/listarLinea HTTP/1.1" 200 35 "-" "PostmanRuntime/7.28.4"
[2022-01-18 11:39:49.609] express is listening on http://4000
[2022-01-18 11:39:57.969] =-=-=-=-=-=> Inicio: listarLinea
[2022-01-18 11:39:57.969] Entro al try controller.productoGenerico.listarLinea
[2022-01-18 11:39:57.970] Error en controller.productoGenerico.listarLinea:  FormData is not defined ReferenceError: FormData is not defined
    at controller.listarLinea (C:\Users\Daniel Alvarez\Documents\repositorios\isicom\prueba-isicom-back\src\controllers\productoGenerico.js:14:22)
    at Layer.handle [as handle_request] (C:\Users\Daniel Alvarez\Documents\repositorios\isicom\prueba-isicom-back\node_modules\express\lib\router\layer.js:95:5)
    at next (C:\Users\Daniel Alvarez\Documents\repositorios\isicom\prueba-isicom-back\node_modules\express\lib\router\route.js:137:13)
    at Route.dispatch (C:\Users\Daniel Alvarez\Documents\repositorios\isicom\prueba-isicom-back\node_modules\express\lib\router\route.js:112:3)
    at Layer.handle [as handle_request] (C:\Users\Daniel Alvarez\Documents\repositorios\isicom\prueba-isicom-back\node_modules\express\lib\router\layer.js:95:5)
    at C:\Users\Daniel Alvarez\Documents\repositorios\isicom\prueba-isicom-back\node_modules\express\lib\router\index.js:281:22
    at Function.process_params (C:\Users\Daniel Alvarez\Documents\repositorios\isicom\prueba-isicom-back\node_modules\express\lib\router\index.js:341:12)
    at next (C:\Users\Daniel Alvarez\Documents\repositorios\isicom\prueba-isicom-back\node_modules\express\lib\router\index.js:275:10)
    at Function.handle (C:\Users\Daniel Alvarez\Documents\repositorios\isicom\prueba-isicom-back\node_modules\express\lib\router\index.js:174:3)
    at router (C:\Users\Daniel Alvarez\Documents\repositorios\isicom\prueba-isicom-back\node_modules\express\lib\router\index.js:47:12)
[2022-01-18 11:39:57.979] =-=-=-=-=-=> Fin: listarLinea
[2022-01-18 11:39:57.986] ::ffff:127.0.0.1 - - [18/Jan/2022:16:39:57 +0000] "GET /productoGenerico/listarLinea HTTP/1.1" 200 48 "-" "PostmanRuntime/7.29.0"
[2022-01-18 11:40:12.245] express is listening on http://4000
[2022-01-18 11:41:37.592] =-=-=-=-=-=> Inicio: listarLinea
[2022-01-18 11:41:37.592] Entro al try controller.productoGenerico.listarLinea
[2022-01-18 11:41:37.676] Error en controller.productoGenerico.listarLinea:  Request with GET/HEAD method cannot have body TypeError: Request with GET/HEAD method cannot have body
    at new Request (C:\Users\Daniel Alvarez\Documents\repositorios\isicom\prueba-isicom-back\node_modules\node-fetch\lib\index.js:1221:10)
    at C:\Users\Daniel Alvarez\Documents\repositorios\isicom\prueba-isicom-back\node_modules\node-fetch\lib\index.js:1439:19
    at new Promise (<anonymous>)
    at fetch (C:\Users\Daniel Alvarez\Documents\repositorios\isicom\prueba-isicom-back\node_modules\node-fetch\lib\index.js:1437:9)
    at controller.listarLinea (C:\Users\Daniel Alvarez\Documents\repositorios\isicom\prueba-isicom-back\src\controllers\productoGenerico.js:32:39)
    at Layer.handle [as handle_request] (C:\Users\Daniel Alvarez\Documents\repositorios\isicom\prueba-isicom-back\node_modules\express\lib\router\layer.js:95:5)
    at next (C:\Users\Daniel Alvarez\Documents\repositorios\isicom\prueba-isicom-back\node_modules\express\lib\router\route.js:137:13)
    at Route.dispatch (C:\Users\Daniel Alvarez\Documents\repositorios\isicom\prueba-isicom-back\node_modules\express\lib\router\route.js:112:3)
    at Layer.handle [as handle_request] (C:\Users\Daniel Alvarez\Documents\repositorios\isicom\prueba-isicom-back\node_modules\express\lib\router\layer.js:95:5)
    at C:\Users\Daniel Alvarez\Documents\repositorios\isicom\prueba-isicom-back\node_modules\express\lib\router\index.js:281:22
[2022-01-18 11:41:37.685] =-=-=-=-=-=> Fin: listarLinea
[2022-01-18 11:41:37.687] ::ffff:127.0.0.1 - - [18/Jan/2022:16:41:37 +0000] "GET /productoGenerico/listarLinea HTTP/1.1" 200 70 "-" "PostmanRuntime/7.29.0"
[2022-01-18 11:45:07.721] express is listening on http://4000
[2022-01-18 11:45:36.600] express is listening on http://4000
[2022-01-18 11:45:43.978] =-=-=-=-=-=> Inicio: listarLinea
[2022-01-18 11:45:43.978] Entro al try controller.productoGenerico.listarLinea
[2022-01-18 11:45:43.982] Error en controller.productoGenerico.listarLinea:  Request with GET/HEAD method cannot have body TypeError: Request with GET/HEAD method cannot have body
    at new Request (C:\Users\Daniel Alvarez\Documents\repositorios\isicom\prueba-isicom-back\node_modules\node-fetch\lib\index.js:1221:10)
    at C:\Users\Daniel Alvarez\Documents\repositorios\isicom\prueba-isicom-back\node_modules\node-fetch\lib\index.js:1439:19
    at new Promise (<anonymous>)
    at fetch (C:\Users\Daniel Alvarez\Documents\repositorios\isicom\prueba-isicom-back\node_modules\node-fetch\lib\index.js:1437:9)
    at controller.listarLinea (C:\Users\Daniel Alvarez\Documents\repositorios\isicom\prueba-isicom-back\src\controllers\productoGenerico.js:32:39)
    at Layer.handle [as handle_request] (C:\Users\Daniel Alvarez\Documents\repositorios\isicom\prueba-isicom-back\node_modules\express\lib\router\layer.js:95:5)
    at next (C:\Users\Daniel Alvarez\Documents\repositorios\isicom\prueba-isicom-back\node_modules\express\lib\router\route.js:137:13)
    at Route.dispatch (C:\Users\Daniel Alvarez\Documents\repositorios\isicom\prueba-isicom-back\node_modules\express\lib\router\route.js:112:3)
    at Layer.handle [as handle_request] (C:\Users\Daniel Alvarez\Documents\repositorios\isicom\prueba-isicom-back\node_modules\express\lib\router\layer.js:95:5)
    at C:\Users\Daniel Alvarez\Documents\repositorios\isicom\prueba-isicom-back\node_modules\express\lib\router\index.js:281:22
[2022-01-18 11:45:43.992] =-=-=-=-=-=> Fin: listarLinea
[2022-01-18 11:45:43.994] ::ffff:127.0.0.1 - - [18/Jan/2022:16:45:43 +0000] "GET /productoGenerico/listarLinea HTTP/1.1" 200 70 "-" "PostmanRuntime/7.29.0"
[2022-01-18 11:47:05.110] express is listening on http://4000
[2022-01-18 11:48:32.918] express is listening on http://4000
[2022-01-18 11:48:35.911] =-=-=-=-=-=> Inicio: listarLinea
[2022-01-18 11:48:35.912] Entro al try controller.productoGenerico.listarLinea
[2022-01-18 11:48:36.629] =-=-=-=-=-=> Fin: listarLinea
[2022-01-18 11:48:36.631] ::ffff:127.0.0.1 - - [18/Jan/2022:16:48:36 +0000] "GET /productoGenerico/listarLinea HTTP/1.1" 200 796 "-" "PostmanRuntime/7.29.0"
[2022-01-18 11:49:43.265] express is listening on http://4000
[2022-01-18 11:49:45.602] =-=-=-=-=-=> Inicio: listarLinea
[2022-01-18 11:49:45.602] Entro al try controller.productoGenerico.listarLinea
[2022-01-18 11:49:46.083] datosIntegradorObj.length 24
[2022-01-18 11:49:46.089] =-=-=-=-=-=> Fin: listarLinea
[2022-01-18 11:49:46.092] ::ffff:127.0.0.1 - - [18/Jan/2022:16:49:46 +0000] "GET /productoGenerico/listarLinea HTTP/1.1" 200 796 "-" "PostmanRuntime/7.29.0"
[2022-01-18 12:00:02.615] express is listening on http://4000
[2022-01-18 12:00:54.547] express is listening on http://4000
[2022-01-19 09:43:41.614] express is listening on http://4000
[2022-01-19 09:44:52.363] express is listening on http://4000
[2022-01-19 09:45:44.400] express is listening on http://4000
[2022-01-19 09:46:53.770] express is listening on http://4000
[2022-01-19 09:47:20.337] express is listening on http://4000
[2022-01-19 09:50:58.132] express is listening on http://4000
[2022-01-19 10:11:48.515] express is listening on http://4000
[2022-01-19 10:12:28.008] express is listening on http://4000
[2022-01-19 10:12:52.914] express is listening on http://4000
[2022-01-19 10:13:12.174] express is listening on http://4000
[2022-01-19 10:17:35.819] express is listening on http://4000
[2022-01-19 10:20:23.360] express is listening on http://4000
[2022-01-19 10:20:45.896] express is listening on http://4000
[2022-01-19 10:22:07.482] =-=-=-=-=-=> Inicio: listarLinea
[2022-01-19 10:22:07.482] Entro al try controller.productoGenerico.listarLinea
[2022-01-19 10:22:08.172] datosIntegradorObj.length 24
[2022-01-19 10:22:08.180] =-=-=-=-=-=> Fin: listarLinea
[2022-01-19 10:22:08.183] ::ffff:127.0.0.1 - - [19/Jan/2022:15:22:08 +0000] "GET /productoGenerico/listarSubLinea?cod_linea=1000 HTTP/1.1" 200 789 "-" "PostmanRuntime/7.29.0"
[2022-01-19 10:23:07.781] express is listening on http://4000
[2022-01-19 10:23:21.773] =-=-=-=-=-=> Inicio: controllers.productoGenerico.listarSubLinea
[2022-01-19 10:23:21.774] Entro al try controller.productoGenerico.listarSubLinea
[2022-01-19 10:23:22.270] datosIntegradorObj.length 1
[2022-01-19 10:23:22.275] =-=-=-=-=-=> Fin: controllers.productoGenerico.listarSubLinea
[2022-01-19 10:23:22.277] ::ffff:127.0.0.1 - - [19/Jan/2022:15:23:22 +0000] "GET /productoGenerico/listarSubLinea?cod_linea=1000 HTTP/1.1" 200 67 "-" "PostmanRuntime/7.29.0"
[2022-01-19 10:23:41.698] express is listening on http://4000
[2022-01-19 10:23:47.763] express is listening on http://4000
[2022-01-19 10:23:51.356] =-=-=-=-=-=> Inicio: controllers.productoGenerico.listarSubLinea
[2022-01-19 10:23:51.357] Entro al try controller.productoGenerico.listarSubLinea
[2022-01-19 10:23:51.849] datosIntegradorObj.length: 1
[2022-01-19 10:23:51.853] =-=-=-=-=-=> Fin: controllers.productoGenerico.listarSubLinea
[2022-01-19 10:23:51.855] ::ffff:127.0.0.1 - - [19/Jan/2022:15:23:51 +0000] "GET /productoGenerico/listarSubLinea?cod_linea=1000 HTTP/1.1" 200 67 "-" "PostmanRuntime/7.29.0"
[2022-01-19 10:24:27.140] express is listening on http://4000
[2022-01-19 10:25:24.515] express is listening on http://4000
[2022-01-19 10:25:30.073] =-=-=-=-=-=> Inicio: controllers.productoGenerico.listarSubLinea
[2022-01-19 10:25:30.073] Entro al try controller.productoGenerico.listarSubLinea
[2022-01-19 10:25:30.076] cod_linea: 1000
[2022-01-19 10:25:30.589] datosIntegradorObj.length: 1
[2022-01-19 10:25:30.594] =-=-=-=-=-=> Fin: controllers.productoGenerico.listarSubLinea
[2022-01-19 10:25:30.596] ::ffff:127.0.0.1 - - [19/Jan/2022:15:25:30 +0000] "GET /productoGenerico/listarSubLinea?cod_linea=1000 HTTP/1.1" 200 67 "-" "PostmanRuntime/7.29.0"
[2022-01-19 10:59:06.158] =-=-=-=-=-=> Inicio: controllers.productoGenerico.listarSubLinea
[2022-01-19 10:59:06.158] Entro al try controller.productoGenerico.listarSubLinea
[2022-01-19 10:59:06.159] cod_linea: 1000
[2022-01-19 10:59:06.672] datosIntegradorObj.length: 1
[2022-01-19 10:59:06.675] =-=-=-=-=-=> Fin: controllers.productoGenerico.listarSubLinea
[2022-01-19 10:59:06.676] ::ffff:127.0.0.1 - - [19/Jan/2022:15:59:06 +0000] "GET /productoGenerico/listarSubLinea?cod_linea=1000 HTTP/1.1" 200 67 "-" "PostmanRuntime/7.29.0"
[2022-01-20 12:10:24.936] =-=-=-=-=-=> Inicio: controllers.productoGenerico.listarSubLinea
[2022-01-20 12:10:24.949] Entro al try controller.productoGenerico.listarSubLinea
[2022-01-20 12:10:24.954] cod_linea: 5000
[2022-01-20 12:10:25.574] datosIntegradorObj.length: 3
[2022-01-20 12:10:25.582] =-=-=-=-=-=> Fin: controllers.productoGenerico.listarSubLinea
[2022-01-20 12:10:25.584] ::ffff:127.0.0.1 - - [20/Jan/2022:17:10:25 +0000] "GET /productoGenerico/listarSubLinea?cod_linea=5000 HTTP/1.1" 200 123 "-" "PostmanRuntime/7.29.0"
[2022-01-20 12:44:10.702] express is listening on http://4000
[2022-01-20 12:45:39.962] express is listening on http://4000
[2022-01-20 12:45:57.522] express is listening on http://4000
[2022-01-20 12:46:17.570] express is listening on http://4000
[2022-01-20 16:37:53.194] express is listening on http://4000
[2022-01-20 16:39:16.198] express is listening on http://4000
[2022-01-20 16:44:48.127] express is listening on http://4000
[2022-01-20 16:45:57.418] express is listening on http://4000
[2022-01-20 16:51:17.544] express is listening on http://4000
[2022-01-20 16:53:07.430] express is listening on http://4000
[2022-01-20 16:55:56.891] express is listening on http://4000
[2022-01-20 16:59:49.761] express is listening on http://4000
[2022-01-20 17:04:02.601] express is listening on http://4000
[2022-01-20 17:06:51.636] =-=-=-=-=-=> Inicio: controllers.productoGenerico.listarSubLinea
[2022-01-20 17:06:51.637] Entro al try controller.productoGenerico.listarSubLinea
[2022-01-20 17:06:51.638] cod_linea: 5000
[2022-01-20 17:06:51.711] Error en controllers.productoGenerico.listarSubLinea:  request to https://integracion.cpsaa.com.pe/organizacion/vista_material failed, reason: getaddrinfo ENOTFOUND integracion.cpsaa.com.pe FetchError: request to https://integracion.cpsaa.com.pe/organizacion/vista_material failed, reason: getaddrinfo ENOTFOUND integracion.cpsaa.com.pe
    at ClientRequest.<anonymous> (C:\Users\Daniel Alvarez\Documents\repositorios\isicom\prueba-isicom-back\node_modules\node-fetch\lib\index.js:1491:11)
    at ClientRequest.emit (events.js:400:28)
    at TLSSocket.socketErrorListener (_http_client.js:475:9)
    at TLSSocket.emit (events.js:400:28)
    at emitErrorNT (internal/streams/destroy.js:106:8)
    at emitErrorCloseNT (internal/streams/destroy.js:74:3)
    at processTicksAndRejections (internal/process/task_queues.js:82:21) {
  type: 'system',
  errno: 'ENOTFOUND',
  code: 'ENOTFOUND'
}
[2022-01-20 17:06:51.724] =-=-=-=-=-=> Fin: controllers.productoGenerico.listarSubLinea
[2022-01-20 17:06:51.725] ::ffff:127.0.0.1 - - [20/Jan/2022:22:06:51 +0000] "GET /productoGenerico/listarSubLinea?cod_linea=5000 HTTP/1.1" 200 159 "-" "PostmanRuntime/7.29.0"
[2022-01-20 17:07:16.792] express is listening on http://4000
[2022-01-20 17:13:00.970] express is listening on http://4000
[2022-01-20 17:14:28.118] express is listening on http://4000
[2022-01-20 17:15:45.505] express is listening on http://4000
[2022-01-20 17:18:18.806] express is listening on http://4000
[2022-01-20 17:18:41.664] express is listening on http://4000
[2022-01-20 17:18:46.626] express is listening on http://4000
[2022-01-20 20:45:10.258] express is listening on http://4000
[2022-01-20 20:56:13.485] express is listening on http://4000
[2022-01-20 20:59:23.034] express is listening on http://4000
[2022-01-20 22:28:32.717] express is listening on http://4000
[2022-01-20 22:32:59.252] express is listening on http://4000
[2022-01-20 22:33:19.928] express is listening on http://4000
[2022-01-20 22:33:56.500] express is listening on http://4000
[2022-01-20 22:42:30.926] express is listening on http://4000
[2022-01-20 22:43:31.897] express is listening on http://4000
[2022-01-20 22:58:11.738] express is listening on http://4000
[2022-01-20 22:58:28.336] express is listening on http://4000
[2022-01-20 22:59:06.003] express is listening on http://4000
[2022-01-20 23:00:22.897] express is listening on http://4000
[2022-01-20 23:02:30.231] express is listening on http://4000
[2022-01-20 23:03:26.831] express is listening on http://4000
